
**** Clean-only build of configuration Nios II for project simple_socket ****

make clean 
      1 [main] sh 20328 find_fast_cwd: WARNING: Couldn't compute FAST_CWD pointer.  Please report this problem to
the public mailing list cygwin@cygwin.com
      1 [main] sh 15740 find_fast_cwd: WARNING: Couldn't compute FAST_CWD pointer.  Please report this problem to
the public mailing list cygwin@cygwin.com
      1 [main] rm 18704 find_fast_cwd: WARNING: Couldn't compute FAST_CWD pointer.  Please report this problem to
the public mailing list cygwin@cygwin.com
      1 [main] sh 11168 find_fast_cwd: WARNING: Couldn't compute FAST_CWD pointer.  Please report this problem to
the public mailing list cygwin@cygwin.com
[simple_socket clean complete]

**** Build Finished ****

**** Build of configuration Nios II for project simple_socket ****

make all 
      1 [main] sh 2108 find_fast_cwd: WARNING: Couldn't compute FAST_CWD pointer.  Please report this problem to
the public mailing list cygwin@cygwin.com
      1 [main] sh 6404 find_fast_cwd: WARNING: Couldn't compute FAST_CWD pointer.  Please report this problem to
the public mailing list cygwin@cygwin.com
      1 [main] echo 13068 find_fast_cwd: WARNING: Couldn't compute FAST_CWD pointer.  Please report this problem to
the public mailing list cygwin@cygwin.com
Info: Building ../simple_socket_bsp/
make --no-print-directory -C ../simple_socket_bsp/
      1 [main] pwd 18000 find_fast_cwd: WARNING: Couldn't compute FAST_CWD pointer.  Please report this problem to
the public mailing list cygwin@cygwin.com
      1 [main] sh 6848 find_fast_cwd: WARNING: Couldn't compute FAST_CWD pointer.  Please report this problem to
the public mailing list cygwin@cygwin.com
makefile:749: Warning: SOPC File A:/UTFPR/Logica/TrabalhoFinalMesmo/DE2_NET/system_0.sopcinfo could not be found.
      1 [main] sh 16064 find_fast_cwd: WARNING: Couldn't compute FAST_CWD pointer.  Please report this problem to
the public mailing list cygwin@cygwin.com
[BSP build complete]
      1 [main] echo 17992 find_fast_cwd: WARNING: Couldn't compute FAST_CWD pointer.  Please report this problem to
the public mailing list cygwin@cygwin.com
Info: Compiling LCD.c to obj/default/LCD.o
      1 [main] mkdir 11104 find_fast_cwd: WARNING: Couldn't compute FAST_CWD pointer.  Please report this problem to
the public mailing list cygwin@cygwin.com
nios2-elf-gcc -xc -MP -MMD -c -I../simple_socket_bsp//iniche/inc -I../simple_socket_bsp//iniche/src/h -I../simple_socket_bsp//iniche/src/h/nios2 -I../simple_socket_bsp//iniche/src/nios2 -I../simple_socket_bsp//UCOSII/inc -I../simple_socket_bsp//HAL/inc -I../simple_socket_bsp/ -I../simple_socket_bsp//drivers/inc  -DSYSTEM_BUS_WIDTH=32 -pipe -D__hal__ -DALT_NO_INSTRUCTION_EMULATION -DALT_INICHE -D__ucosii__    -O0 -g -Wall   -EL -mno-hw-div -mhw-mul -mno-hw-mulx  -o obj/default/LCD.o LCD.c
LCD.c: In function 'lcdInit':
Info: Compiling SSS_DE2_115.c to obj/default/SSS_DE2_115.o
LCD.c:25: warning: implicit declaration of function 'clearLcd'
nios2-elf-gcc -xc -MP -MMD -c -I../simple_socket_bsp//iniche/inc -I../simple_socket_bsp//iniche/src/h -I../simple_socket_bsp//iniche/src/h/nios2 -I../simple_socket_bsp//iniche/src/nios2 -I../simple_socket_bsp//UCOSII/inc -I../simple_socket_bsp//HAL/inc -I../simple_socket_bsp/ -I../simple_socket_bsp//drivers/inc  -DSYSTEM_BUS_WIDTH=32 -pipe -D__hal__ -DALT_NO_INSTRUCTION_EMULATION -DALT_INICHE -D__ucosii__    -O0 -g -Wall   -EL -mno-hw-div -mhw-mul -mno-hw-mulx  -o obj/default/SSS_DE2_115.o SSS_DE2_115.c
LCD.c: At top level:
Info: Compiling alt_error_handler.c to obj/default/alt_error_handler.o
LCD.c:50: warning: conflicting types for 'clearLcd'
nios2-elf-gcc -xc -MP -MMD -c -I../simple_socket_bsp//iniche/inc -I../simple_socket_bsp//iniche/src/h -I../simple_socket_bsp//iniche/src/h/nios2 -I../simple_socket_bsp//iniche/src/nios2 -I../simple_socket_bsp//UCOSII/inc -I../simple_socket_bsp//HAL/inc -I../simple_socket_bsp/ -I../simple_socket_bsp//drivers/inc  -DSYSTEM_BUS_WIDTH=32 -pipe -D__hal__ -DALT_NO_INSTRUCTION_EMULATION -DALT_INICHE -D__ucosii__    -O0 -g -Wall   -EL -mno-hw-div -mhw-mul -mno-hw-mulx  -o obj/default/alt_error_handler.o alt_error_handler.c
LCD.c:25: warning: previous implicit declaration of 'clearLcd' was here
      1 [main] echo 1512 find_fast_cwd: WARNING: Couldn't compute FAST_CWD pointer.  Please report this problem to
Info: Compiling dm9000a.c to obj/default/dm9000a.o
the public mailing list cygwin@cygwin.com
nios2-elf-gcc -xc -MP -MMD -c -I../simple_socket_bsp//iniche/inc -I../simple_socket_bsp//iniche/src/h -I../simple_socket_bsp//iniche/src/h/nios2 -I../simple_socket_bsp//iniche/src/nios2 -I../simple_socket_bsp//UCOSII/inc -I../simple_socket_bsp//HAL/inc -I../simple_socket_bsp/ -I../simple_socket_bsp//drivers/inc  -DSYSTEM_BUS_WIDTH=32 -pipe -D__hal__ -DALT_NO_INSTRUCTION_EMULATION -DALT_INICHE -D__ucosii__    -O0 -g -Wall   -EL -mno-hw-div -mhw-mul -mno-hw-mulx  -o obj/default/dm9000a.o dm9000a.c
      1 [main] mkdir 19440 find_fast_cwd: WARNING: Couldn't compute FAST_CWD pointer.  Please report this problem to
the public mailing list cygwin@cygwin.com
      1 [main] echo 18396 find_fast_cwd: WARNING: Couldn't compute FAST_CWD pointer.  Please report this problem to
the public mailing list cygwin@cygwin.com
      1 [main] mkdir 17176 find_fast_cwd: WARNING: Couldn't compute FAST_CWD pointer.  Please report this problem to
the public mailing list cygwin@cygwin.com
     45 [main] echo 15880 find_fast_cwd: WARNING: Couldn't compute FAST_CWD pointer.  Please report this problem to
the public mailing list cygwin@cygwin.com
      1 [main] mkdir 15048 find_fast_cwd: WARNING: Couldn't compute FAST_CWD pointer.  Please report this problem to
the public mailing list cygwin@cygwin.com
dm9000a.c: In function 'prep_dm9000a':
dm9000a.c:186: warning: pointer targets in assignment differ in signedness
dm9000a.c:204: warning: pointer targets in passing argument 2 of 'get_mac_addr' differ in signedness
dm9000a.c: In function 'dm9000a_isr':
dm9000a.c:281: warning: pointer targets in initialization differ in signedness
dm9000a.c: In function 'dm9ka_init':
dm9000a.c:379: warning: pointer targets in passing argument 1 of 'dm9000a_reset' differ in signedness
dm9000a.c:382: warning: implicit declaration of function 'alt_irq_register'
dm9000a.c: In function 'dm9ka_pkt_send':
dm9000a.c:453: warning: pointer targets in passing argument 1 of 'TransmitPacket' differ in signedness
      1 [main] echo 17368 find_fast_cwd: WARNING: Couldn't compute FAST_CWD pointer.  Please report this problem to
the public mailing list cygwin@cygwin.com
Info: Compiling iniche_init.c to obj/default/iniche_init.o
      1 [main] mkdir 7572 find_fast_cwd: WARNING: Couldn't compute FAST_CWD pointer.  Please report this problem to
the public mailing list cygwin@cygwin.com
nios2-elf-gcc -xc -MP -MMD -c -I../simple_socket_bsp//iniche/inc -I../simple_socket_bsp//iniche/src/h -I../simple_socket_bsp//iniche/src/h/nios2 -I../simple_socket_bsp//iniche/src/nios2 -I../simple_socket_bsp//UCOSII/inc -I../simple_socket_bsp//HAL/inc -I../simple_socket_bsp/ -I../simple_socket_bsp//drivers/inc  -DSYSTEM_BUS_WIDTH=32 -pipe -D__hal__ -DALT_NO_INSTRUCTION_EMULATION -DALT_INICHE -D__ucosii__    -O0 -g -Wall   -EL -mno-hw-div -mhw-mul -mno-hw-mulx  -o obj/default/iniche_init.o iniche_init.c
iniche_init.c: In function 'send_histogram_to_server':
iniche_init.c:126: warning: passing argument 2 of 't_send' from incompatible pointer type
Info: Compiling led.c to obj/default/led.o
iniche_init.c: In function 'SSSInitialTask':
iniche_init.c:194: warning: implicit declaration of function 'inet_pton'
iniche_init.c:207: warning: passing argument 2 of 't_recv' from incompatible pointer type
iniche_init.c:224: warning: pointer targets in passing argument 2 of 't_recv' differ in signedness
      1 [main] echo 18828 find_fast_cwd: WARNING: Couldn't compute FAST_CWD pointer.  Please report this problem to
nios2-elf-gcc -xc -MP -MMD -c -I../simple_socket_bsp//iniche/inc -I../simple_socket_bsp//iniche/src/h -I../simple_socket_bsp//iniche/src/h/nios2 -I../simple_socket_bsp//iniche/src/nios2 -I../simple_socket_bsp//UCOSII/inc -I../simple_socket_bsp//HAL/inc -I../simple_socket_bsp/ -I../simple_socket_bsp//drivers/inc  -DSYSTEM_BUS_WIDTH=32 -pipe -D__hal__ -DALT_NO_INSTRUCTION_EMULATION -DALT_INICHE -D__ucosii__    -O0 -g -Wall   -EL -mno-hw-div -mhw-mul -mno-hw-mulx  -o obj/default/led.o led.c
the public mailing list cygwin@cygwin.com
Info: Compiling network_utilities.c to obj/default/network_utilities.o
      1 [main] mkdir 19628 find_fast_cwd: WARNING: Couldn't compute FAST_CWD pointer.  Please report this problem to
nios2-elf-gcc -xc -MP -MMD -c -I../simple_socket_bsp//iniche/inc -I../simple_socket_bsp//iniche/src/h -I../simple_socket_bsp//iniche/src/h/nios2 -I../simple_socket_bsp//iniche/src/nios2 -I../simple_socket_bsp//UCOSII/inc -I../simple_socket_bsp//HAL/inc -I../simple_socket_bsp/ -I../simple_socket_bsp//drivers/inc  -DSYSTEM_BUS_WIDTH=32 -pipe -D__hal__ -DALT_NO_INSTRUCTION_EMULATION -DALT_INICHE -D__ucosii__    -O0 -g -Wall   -EL -mno-hw-div -mhw-mul -mno-hw-mulx  -o obj/default/network_utilities.o network_utilities.c
the public mailing list cygwin@cygwin.com
led.c: In function 'LED7SegLightshowTask':
led.c:97: warning: unused variable 'led_7_seg_val'
      1 [main] echo 4324 find_fast_cwd: WARNING: Couldn't compute FAST_CWD pointer.  Please report this problem to
Info: Compiling simple_socket_server.c to obj/default/simple_socket_server.o
the public mailing list cygwin@cygwin.com
      1 [main] mkdir 14412 find_fast_cwd: WARNING: Couldn't compute FAST_CWD pointer.  Please report this problem to
the public mailing list cygwin@cygwin.com
      1 [main] echo 3172 find_fast_cwd: WARNING: Couldn't compute FAST_CWD pointer.  Please report this problem to
the public mailing list cygwin@cygwin.com
      1 [main] mkdir 8548 find_fast_cwd: WARNING: Couldn't compute FAST_CWD pointer.  Please report this problem to
nios2-elf-gcc -xc -MP -MMD -c -I../simple_socket_bsp//iniche/inc -I../simple_socket_bsp//iniche/src/h -I../simple_socket_bsp//iniche/src/h/nios2 -I../simple_socket_bsp//iniche/src/nios2 -I../simple_socket_bsp//UCOSII/inc -I../simple_socket_bsp//HAL/inc -I../simple_socket_bsp/ -I../simple_socket_bsp//drivers/inc  -DSYSTEM_BUS_WIDTH=32 -pipe -D__hal__ -DALT_NO_INSTRUCTION_EMULATION -DALT_INICHE -D__ucosii__    -O0 -g -Wall   -EL -mno-hw-div -mhw-mul -mno-hw-mulx  -o obj/default/simple_socket_server.o simple_socket_server.c
the public mailing list cygwin@cygwin.com
simple_socket_server.c: In function 'sss_send_menu':
simple_socket_server.c:201: warning: pointer targets in passing argument 1 of 'sprintf' differ in signedness
simple_socket_server.c:202: warning: pointer targets in passing argument 1 of 'sprintf' differ in signedness
simple_socket_server.c:203: warning: pointer targets in passing argument 1 of 'sprintf' differ in signedness
simple_socket_server.c:204: warning: pointer targets in passing argument 1 of 'sprintf' differ in signedness
simple_socket_server.c:205: warning: pointer targets in passing argument 1 of 'sprintf' differ in signedness
simple_socket_server.c:206: warning: pointer targets in passing argument 1 of 'sprintf' differ in signedness
simple_socket_server.c:207: warning: pointer targets in passing argument 1 of 'sprintf' differ in signedness
simple_socket_server.c:208: warning: pointer targets in passing argument 1 of 'sprintf' differ in signedness
simple_socket_server.c:210: warning: pointer targets in passing argument 2 of 't_send' differ in signedness
simple_socket_server.c: In function 'sss_exec_command':
simple_socket_server.c:304: warning: pointer targets in passing argument 1 of 'sprintf' differ in signedness
simple_socket_server.c:316: warning: pointer targets in passing argument 2 of 't_send' differ in signedness
simple_socket_server.c:275: warning: unused variable 'width'
simple_socket_server.c:275: warning: unused variable 'height'
simple_socket_server.c:275: warning: unused variable 'j'
simple_socket_server.c:275: warning: unused variable 'i'
simple_socket_server.c: In function 'sss_handle_receive':
simple_socket_server.c:355: warning: pointer targets in passing argument 1 of 'strchr' differ in signedness
simple_socket_server.c:355: warning: pointer targets in assignment differ in signedness
simple_socket_server.c:365: warning: pointer targets in passing argument 2 of 't_recv' differ in signedness
simple_socket_server.c: In function 'SSSSimpleSocketServerTask':
simple_socket_server.c:435: warning: implicit declaration of function 'inet_pton'
simple_socket_server.c:446: warning: implicit declaration of function 'shutdown'
      1 [main] echo 18300 find_fast_cwd: WARNING: Couldn't compute FAST_CWD pointer.  Please report this problem to
the public mailing list cygwin@cygwin.com
Info: Compiling tse_my_system.c to obj/default/tse_my_system.o
      1 [main] mkdir 20108 find_fast_cwd: WARNING: Couldn't compute FAST_CWD pointer.  Please report this problem to
the public mailing list cygwin@cygwin.com
nios2-elf-gcc -xc -MP -MMD -c -I../simple_socket_bsp//iniche/inc -I../simple_socket_bsp//iniche/src/h -I../simple_socket_bsp//iniche/src/h/nios2 -I../simple_socket_bsp//iniche/src/nios2 -I../simple_socket_bsp//UCOSII/inc -I../simple_socket_bsp//HAL/inc -I../simple_socket_bsp/ -I../simple_socket_bsp//drivers/inc  -DSYSTEM_BUS_WIDTH=32 -pipe -D__hal__ -DALT_NO_INSTRUCTION_EMULATION -DALT_INICHE -D__ucosii__    -O0 -g -Wall   -EL -mno-hw-div -mhw-mul -mno-hw-mulx  -o obj/default/tse_my_system.o tse_my_system.c
      1 [main] true 2280 find_fast_cwd: WARNING: Couldn't compute FAST_CWD pointer.  Please report this problem to
the public mailing list cygwin@cygwin.com
Info: Linking simple_socket.elf
      1 [main] echo 17308 find_fast_cwd: WARNING: Couldn't compute FAST_CWD pointer.  Please report this problem to
the public mailing list cygwin@cygwin.com
nios2-elf-g++  -T'../simple_socket_bsp//linker.x' -msys-crt0='../simple_socket_bsp//obj/HAL/src/crt0.o' -msys-lib=ucosii_bsp -L../simple_socket_bsp/   -Wl,-Map=simple_socket.map   -O0 -g -Wall   -EL -mno-hw-div -mhw-mul -mno-hw-mulx  -o simple_socket.elf obj/default/LCD.o obj/default/SSS_DE2_115.o obj/default/alt_error_handler.o obj/default/dm9000a.o obj/default/iniche_init.o obj/default/led.o obj/default/network_utilities.o obj/default/simple_socket_server.o obj/default/tse_my_system.o -lm 
nios2-elf-insert simple_socket.elf --thread_model ucosii --cpu_name cpu_0 --qsys true --simulation_enabled false --id 0 --sidp 0x1a820e0 --timestamp 1604445448 --stderr_dev jtag_uart_0 --stdin_dev jtag_uart_0 --stdout_dev jtag_uart_0 --sopc_system_name system_0 --quartus_project_dir "C:/Users/diniz/Documents/ELEW33-ProjetoFinal/DE2_NET"
      1 [main] sh 10544 find_fast_cwd: WARNING: Couldn't compute FAST_CWD pointer.  Please report this problem to
the public mailing list cygwin@cygwin.com
      1 [main] uname 20436 find_fast_cwd: WARNING: Couldn't compute FAST_CWD pointer.  Please report this problem to
the public mailing list cygwin@cygwin.com
      1 [main] sh 19524 find_fast_cwd: WARNING: Couldn't compute FAST_CWD pointer.  Please report this problem to
the public mailing list cygwin@cygwin.com
Info: (simple_socket.elf) 333 KBytes program size (code + initialized data).
Info:                     7858 KBytes free for stack + heap.
      1 [main] echo 9752 find_fast_cwd: WARNING: Couldn't compute FAST_CWD pointer.  Please report this problem to
the public mailing list cygwin@cygwin.com
Info: Creating simple_socket.objdump
nios2-elf-objdump --disassemble --syms --all-header --source simple_socket.elf >simple_socket.objdump
      1 [main] sh 18148 find_fast_cwd: WARNING: Couldn't compute FAST_CWD pointer.  Please report this problem to
the public mailing list cygwin@cygwin.com
      1 [main] sh 9136 find_fast_cwd: WARNING: Couldn't compute FAST_CWD pointer.  Please report this problem to
the public mailing list cygwin@cygwin.com
[simple_socket build complete]

**** Build Finished ****

**** Build of configuration Nios II for project simple_socket_bsp ****

make all 
      1 [main] pwd 17084 find_fast_cwd: WARNING: Couldn't compute FAST_CWD pointer.  Please report this problem to
the public mailing list cygwin@cygwin.com
      2 [main] sh 10316 find_fast_cwd: WARNING: Couldn't compute FAST_CWD pointer.  Please report this problem to
the public mailing list cygwin@cygwin.com
makefile:749: Warning: SOPC File A:/UTFPR/Logica/TrabalhoFinalMesmo/DE2_NET/system_0.sopcinfo could not be found.
      1 [main] sh 13728 find_fast_cwd: WARNING: Couldn't compute FAST_CWD pointer.  Please report this problem to
the public mailing list cygwin@cygwin.com
[BSP build complete]

**** Build Finished ****

**** Build of configuration Nios II for project simple_socket ****

make all 
      1 [main] sh 10740 find_fast_cwd: WARNING: Couldn't compute FAST_CWD pointer.  Please report this problem to
the public mailing list cygwin@cygwin.com
      1 [main] sh 6684 find_fast_cwd: WARNING: Couldn't compute FAST_CWD pointer.  Please report this problem to
the public mailing list cygwin@cygwin.com
      1 [main] echo 12492 find_fast_cwd: WARNING: Couldn't compute FAST_CWD pointer.  Please report this problem to
the public mailing list cygwin@cygwin.com
Info: Building ../simple_socket_bsp/
make --no-print-directory -C ../simple_socket_bsp/
      1 [main] pwd 19216 find_fast_cwd: WARNING: Couldn't compute FAST_CWD pointer.  Please report this problem to
the public mailing list cygwin@cygwin.com
      1 [main] sh 10600 find_fast_cwd: WARNING: Couldn't compute FAST_CWD pointer.  Please report this problem to
the public mailing list cygwin@cygwin.com
makefile:749: Warning: SOPC File A:/UTFPR/Logica/TrabalhoFinalMesmo/DE2_NET/system_0.sopcinfo could not be found.
      1 [main] sh 8876 find_fast_cwd: WARNING: Couldn't compute FAST_CWD pointer.  Please report this problem to
the public mailing list cygwin@cygwin.com
[BSP build complete]
      1 [main] true 6024 find_fast_cwd: WARNING: Couldn't compute FAST_CWD pointer.  Please report this problem to
the public mailing list cygwin@cygwin.com
      1 [main] sh 4548 find_fast_cwd: WARNING: Couldn't compute FAST_CWD pointer.  Please report this problem to
the public mailing list cygwin@cygwin.com
[simple_socket build complete]

**** Build Finished ****
